<?xml version="1.0" encoding="UTF-8"?>
<!-- Generated by org.testng.reporters.JUnitReportReporter -->
<testsuite hostname="Maria" name="com.livejournalmain.testcategories.logintests.LogInPageActualTests" tests="1" failures="0" timestamp="12 Aug 2013 12:49:21 GMT" time="2.033" errors="0">
  <testcase name="verifyHomePage" time="2.033" classname="com.livejournalmain.testcategories.logintests.LogInPageActualTests"/>
</testsuite> <!-- com.livejournalmain.testcategories.logintests.LogInPageActualTests -->
