<?xml version="1.0" encoding="UTF-8"?>
<!-- Generated by org.testng.reporters.JUnitReportReporter -->
<testsuite hostname="Maria" name="com.livejournalmain.testcategories.logintests.PostingPageActualTest" tests="1" failures="0" timestamp="12 Aug 2013 12:49:21 GMT" time="32.241" errors="0">
  <testcase name="addPost" time="32.241" classname="com.livejournalmain.testcategories.logintests.PostingPageActualTest"/>
</testsuite> <!-- com.livejournalmain.testcategories.logintests.PostingPageActualTest -->
